F:\ITL\ITL_Employee_Solid\UI\EmployeeSolidCRUD\dist\out-tsc\app\app-routing.module.js
F:\ITL\ITL_Employee_Solid\UI\EmployeeSolidCRUD\dist\out-tsc\app\app-routing.module.js.map
F:\ITL\ITL_Employee_Solid\UI\EmployeeSolidCRUD\dist\out-tsc\app\app.component.js
F:\ITL\ITL_Employee_Solid\UI\EmployeeSolidCRUD\dist\out-tsc\app\app.component.js.map
F:\ITL\ITL_Employee_Solid\UI\EmployeeSolidCRUD\dist\out-tsc\app\data\type\employee.js
F:\ITL\ITL_Employee_Solid\UI\EmployeeSolidCRUD\dist\out-tsc\app\data\type\employee.js.map
F:\ITL\ITL_Employee_Solid\UI\EmployeeSolidCRUD\dist\out-tsc\app\data\service\employee-api.service.js
F:\ITL\ITL_Employee_Solid\UI\EmployeeSolidCRUD\dist\out-tsc\app\data\service\employee-api.service.js.map
F:\ITL\ITL_Employee_Solid\UI\EmployeeSolidCRUD\dist\out-tsc\app\modules\employee\page\home\main\main.component.js
F:\ITL\ITL_Employee_Solid\UI\EmployeeSolidCRUD\dist\out-tsc\app\modules\employee\page\home\main\main.component.js.map
F:\ITL\ITL_Employee_Solid\UI\EmployeeSolidCRUD\dist\out-tsc\app\modules\employee\employee-routing.module.js
F:\ITL\ITL_Employee_Solid\UI\EmployeeSolidCRUD\dist\out-tsc\app\modules\employee\employee-routing.module.js.map
F:\ITL\ITL_Employee_Solid\UI\EmployeeSolidCRUD\dist\out-tsc\app\modules\employee\employee.module.js
F:\ITL\ITL_Employee_Solid\UI\EmployeeSolidCRUD\dist\out-tsc\app\modules\employee\employee.module.js.map
F:\ITL\ITL_Employee_Solid\UI\EmployeeSolidCRUD\dist\out-tsc\app\app.module.js
F:\ITL\ITL_Employee_Solid\UI\EmployeeSolidCRUD\dist\out-tsc\app\app.module.js.map
F:\ITL\ITL_Employee_Solid\UI\EmployeeSolidCRUD\dist\out-tsc\environments\environment.js
F:\ITL\ITL_Employee_Solid\UI\EmployeeSolidCRUD\dist\out-tsc\environments\environment.js.map
F:\ITL\ITL_Employee_Solid\UI\EmployeeSolidCRUD\dist\out-tsc\main.js
F:\ITL\ITL_Employee_Solid\UI\EmployeeSolidCRUD\dist\out-tsc\main.js.map
F:\ITL\ITL_Employee_Solid\UI\EmployeeSolidCRUD\dist\out-tsc\polyfills.js
F:\ITL\ITL_Employee_Solid\UI\EmployeeSolidCRUD\dist\out-tsc\polyfills.js.map
F:\ITL\ITL_Employee_Solid\UI\EmployeeSolidCRUD\dist\out-tsc\test.js
F:\ITL\ITL_Employee_Solid\UI\EmployeeSolidCRUD\dist\out-tsc\test.js.map
F:\ITL\ITL_Employee_Solid\UI\EmployeeSolidCRUD\dist\out-tsc\app\app.component.spec.js
F:\ITL\ITL_Employee_Solid\UI\EmployeeSolidCRUD\dist\out-tsc\app\app.component.spec.js.map
F:\ITL\ITL_Employee_Solid\UI\EmployeeSolidCRUD\dist\out-tsc\environments\environment.prod.js
F:\ITL\ITL_Employee_Solid\UI\EmployeeSolidCRUD\dist\out-tsc\environments\environment.prod.js.map
